<?xml version="1.0" encoding="UTF-8"?>
<testsuite xmlns:xsi="http://www.w3.org/2001/XMLSchema-instance" xsi:noNamespaceSchemaLocation="https://maven.apache.org/surefire/maven-surefire-plugin/xsd/surefire-test-report.xsd" name="com.app.AppTest" time="0.065" tests="1" errors="0" skipped="0" failures="0">
  <properties>
    <property name="java.specification.version" value="22"/>
    <property name="sun.cpu.isalist" value="amd64"/>
    <property name="sun.jnu.encoding" value="Cp1252"/>
    <property name="java.class.path" value="C:\Users\nikol\Desktop\vsc\java\TaskTracker\tasktracker\target\test-classes;C:\Users\nikol\Desktop\vsc\java\TaskTracker\tasktracker\target\classes;C:\Users\nikol\.m2\repository\junit\junit\4.11\junit-4.11.jar;C:\Users\nikol\.m2\repository\org\hamcrest\hamcrest-core\1.3\hamcrest-core-1.3.jar;C:\Users\nikol\.m2\repository\com\fasterxml\jackson\core\jackson-databind\2.20.0\jackson-databind-2.20.0.jar;C:\Users\nikol\.m2\repository\com\fasterxml\jackson\core\jackson-annotations\2.20\jackson-annotations-2.20.jar;C:\Users\nikol\.m2\repository\com\fasterxml\jackson\core\jackson-core\2.20.0\jackson-core-2.20.0.jar;"/>
    <property name="java.vm.vendor" value="Oracle Corporation"/>
    <property name="sun.arch.data.model" value="64"/>
    <property name="user.variant" value=""/>
    <property name="java.vendor.url" value="https://java.oracle.com/"/>
    <property name="user.timezone" value="Europe/Belgrade"/>
    <property name="os.name" value="Windows 11"/>
    <property name="java.vm.specification.version" value="22"/>
    <property name="sun.java.launcher" value="SUN_STANDARD"/>
    <property name="user.country" value="US"/>
    <property name="sun.boot.library.path" value="C:\Program Files\Java\jdk-22\bin"/>
    <property name="sun.java.command" value="C:\Users\nikol\AppData\Local\Temp\surefire3498846380247992455\surefirebooter6597133300405031666.jar C:\Users\nikol\AppData\Local\Temp\surefire3498846380247992455 2025-09-16T16-38-53_684-jvmRun1 surefire94155506887498803tmp surefire_06260580425134451445tmp"/>
    <property name="jdk.debug" value="release"/>
    <property name="surefire.test.class.path" value="C:\Users\nikol\Desktop\vsc\java\TaskTracker\tasktracker\target\test-classes;C:\Users\nikol\Desktop\vsc\java\TaskTracker\tasktracker\target\classes;C:\Users\nikol\.m2\repository\junit\junit\4.11\junit-4.11.jar;C:\Users\nikol\.m2\repository\org\hamcrest\hamcrest-core\1.3\hamcrest-core-1.3.jar;C:\Users\nikol\.m2\repository\com\fasterxml\jackson\core\jackson-databind\2.20.0\jackson-databind-2.20.0.jar;C:\Users\nikol\.m2\repository\com\fasterxml\jackson\core\jackson-annotations\2.20\jackson-annotations-2.20.jar;C:\Users\nikol\.m2\repository\com\fasterxml\jackson\core\jackson-core\2.20.0\jackson-core-2.20.0.jar;"/>
    <property name="sun.cpu.endian" value="little"/>
    <property name="user.home" value="C:\Users\nikol"/>
    <property name="user.language" value="en"/>
    <property name="java.specification.vendor" value="Oracle Corporation"/>
    <property name="java.version.date" value="2024-04-16"/>
    <property name="java.home" value="C:\Program Files\Java\jdk-22"/>
    <property name="file.separator" value="\"/>
    <property name="basedir" value="C:\Users\nikol\Desktop\vsc\java\TaskTracker\tasktracker"/>
    <property name="java.vm.compressedOopsMode" value="32-bit"/>
    <property name="line.separator" value="&#10;"/>
    <property name="java.vm.specification.vendor" value="Oracle Corporation"/>
    <property name="java.specification.name" value="Java Platform API Specification"/>
    <property name="surefire.real.class.path" value="C:\Users\nikol\AppData\Local\Temp\surefire3498846380247992455\surefirebooter6597133300405031666.jar"/>
    <property name="user.script" value=""/>
    <property name="sun.management.compiler" value="HotSpot 64-Bit Tiered Compilers"/>
    <property name="java.runtime.version" value="22.0.1+8-16"/>
    <property name="user.name" value="nikol"/>
    <property name="stdout.encoding" value="Cp1252"/>
    <property name="path.separator" value=";"/>
    <property name="os.version" value="10.0"/>
    <property name="java.runtime.name" value="Java(TM) SE Runtime Environment"/>
    <property name="file.encoding" value="UTF-8"/>
    <property name="java.vm.name" value="Java HotSpot(TM) 64-Bit Server VM"/>
    <property name="localRepository" value="C:\Users\nikol\.m2\repository"/>
    <property name="java.vendor.url.bug" value="https://bugreport.java.com/bugreport/"/>
    <property name="java.io.tmpdir" value="C:\Users\nikol\AppData\Local\Temp\"/>
    <property name="java.version" value="22.0.1"/>
    <property name="user.dir" value="C:\Users\nikol\Desktop\vsc\java\TaskTracker\tasktracker"/>
    <property name="os.arch" value="amd64"/>
    <property name="java.vm.specification.name" value="Java Virtual Machine Specification"/>
    <property name="sun.os.patch.level" value=""/>
    <property name="native.encoding" value="Cp1252"/>
    <property name="java.library.path" value="C:\Program Files\Java\jdk-22\bin;C:\WINDOWS\Sun\Java\bin;C:\WINDOWS\system32;C:\WINDOWS;C:\Python313\Scripts\;C:\Python313\;C:\Program Files\Common Files\Oracle\Java\javapath;C:\Program Files (x86)\Common Files\Oracle\Java\java8path;C:\Program Files (x86)\Common Files\Oracle\Java\javapath;C:\Program Files\Eclipse Adoptium\jre-8.0.345.1-hotspot\bin;C:\Program Files\Eclipse Adoptium\jre-17.0.4.8-hotspot\bin;C:\Program Files\Eclipse Adoptium\jre-11.0.16.8-hotspot\bin;C:\Program Files (x86)\Eclipse Adoptium\jre-8.0.345.1-hotspot\bin;C:\WINDOWS\system32;C:\WINDOWS;C:\WINDOWS\System32\Wbem;&quot;C:\WINDOWS\System32\WindowsPowerShell\v1.0\;C:\MinGW\bin&quot;;C:\WINDOWS\System32\OpenSSH\;C:\Program Files (x86)\dotnet\;C:\Program Files\dotnet\;C:\ProgramData\chocolatey\bin;C:\Users\Win 10\AppData\Local\Programs\Python\Python312\Scripts;C:\Users\Win 10\AppData\Local\Programs\Python\Python312;C:\Program Files\PuTTY\;C:\Users\Win 10\Downloads\apache-maven-3.9.7-bin\apache-maven-3.9.7;C:\Program Files\Maven\apache-maven-3.9.8\bin;C:\Users\nikol\cmake-3.30.4-windows-x86_64.zip\cmake-3.30.4-windows-x86_64;C:\Program Files\CMake\bin;C:\xampp\php;C:\ProgramData\ComposerSetup\bin;C:\Program Files\MySQL\MySQL Server 8.0\bin;C:\Users\Win 10\AppData\Roaming\nvm;C:\Program Files\nodejs;C:\WINDOWS\System32\WindowsPowerShell\v1.0\;C:\Program Files\Git\cmd;C:\Program Files\nodejs\;C:\Users\nikol\AppData\Roaming\npm;C:\Program Files\Docker\Docker\resources\bin;C:\Program Files\heroku\bin;C:\msys64\mingw64\bin;C:\Users\nikol\Documents\mongosh-2.5.1-win32-x64\mongosh-2.5.1-win32-x64\bin;C:\Users\nikol\AppData\Local\bin;C:\Program Files\Graphviz\bin;C:\Users\nikol\tools\plantuml\;C:\Users\nikol\AppData\Local\Programs\Python\Python312\Scripts\;C:\Users\nikol\AppData\Local\Programs\Python\Python312\;C:\Users\nikol\AppData\Local\Microsoft\WindowsApps;C:\Users\nikol\.dotnet\tools;C:\Program Files\CMake\bin;C:\WINDOWS\System32\WindowsPowerShell\v1.0\;C:\Users\nikol\AppData\Roaming\Composer\vendor\bin;C:\Users\nikol\AppData\Local\JetBrains\Toolbox\scripts;C:\Users\nikol\AppData\Local\Microsoft\WindowsApps;C:\Users\nikol\AppData\Local\Microsoft\WinGet\Packages\Schniz.fnm_Microsoft.Winget.Source_8wekyb3d8bbwe;C:\Program Files\nodejs;C:\Users\nikol\AppData\Roaming\npm;C:\Users\nikol\.bun\bin;C:\msys64\mingw64\bin;C:\ProgramData\mingw64\mingw64\bin;C:\Users\nikol\Documents\mongosh-2.5.1-win32-x64\mongosh-2.5.1-win32-x64\bin;C:\Users\nikol\AppData\Local\Programs\Microsoft VS Code\bin;C:\Users\nikol\tools\plantuml\;;."/>
    <property name="java.vm.info" value="mixed mode, sharing"/>
    <property name="stderr.encoding" value="Cp1252"/>
    <property name="java.vendor" value="Oracle Corporation"/>
    <property name="java.vm.version" value="22.0.1+8-16"/>
    <property name="sun.io.unicode.encoding" value="UnicodeLittle"/>
    <property name="java.class.version" value="66.0"/>
  </properties>
  <testcase name="shouldAnswerWithTrue" classname="com.app.AppTest" time="0.004"/>
</testsuite>